2019-10-11 19:30:21.451  INFO 59233 --- [main] c.g.bridge.boot.TracerTestApplication    : Starting TracerTestApplication on guoleisgldeMacBook-Pro-2.local with PID 59233 (/Users/guolei.sgl/Documents/temp/tracer-out-dependency-management/web-home/target/classes started by guolei.sgl in /Users/guolei.sgl/Documents/temp/tracer-out-dependency-management)
2019-10-11 19:30:21.452  INFO 59233 --- [main] c.g.bridge.boot.TracerTestApplication    : No active profile set, falling back to default profiles: default
2019-10-11 19:30:22.316  INFO 59233 --- [main] trationDelegate$BeanPostProcessorChecker : Bean 'com.alipay.sofa.tracer.boot.flexible.configuration.TracerAnnotationConfiguration' of type [com.alipay.sofa.tracer.boot.flexible.configuration.TracerAnnotationConfiguration$$EnhancerBySpringCGLIB$$37d5f666] is not eligible for getting processed by all BeanPostProcessors (for example: not eligible for auto-proxying)
2019-10-11 19:30:22.322  INFO 59233 --- [main] trationDelegate$BeanPostProcessorChecker : Bean 'com.alipay.sofa.tracer.boot.configuration.SofaTracerAutoConfiguration' of type [com.alipay.sofa.tracer.boot.configuration.SofaTracerAutoConfiguration$$EnhancerBySpringCGLIB$$e56672dc] is not eligible for getting processed by all BeanPostProcessors (for example: not eligible for auto-proxying)
2019-10-11 19:30:22.332  INFO 59233 --- [main] trationDelegate$BeanPostProcessorChecker : Bean 'com.alipay.sofa.tracer-com.alipay.sofa.tracer.boot.properties.SofaTracerProperties' of type [com.alipay.sofa.tracer.boot.properties.SofaTracerProperties] is not eligible for getting processed by all BeanPostProcessors (for example: not eligible for auto-proxying)
2019-10-11 19:30:22.363  INFO 59233 --- [main] trationDelegate$BeanPostProcessorChecker : Bean 'tracer' of type [com.alipay.sofa.tracer.plugin.flexible.FlexibleTracer] is not eligible for getting processed by all BeanPostProcessors (for example: not eligible for auto-proxying)
2019-10-11 19:30:22.367  INFO 59233 --- [main] trationDelegate$BeanPostProcessorChecker : Bean 'sofaMethodInvocationProcessor' of type [com.alipay.sofa.tracer.boot.flexible.processor.SofaTracerMethodInvocationProcessor] is not eligible for getting processed by all BeanPostProcessors (for example: not eligible for auto-proxying)
2019-10-11 19:30:22.368  INFO 59233 --- [main] trationDelegate$BeanPostProcessorChecker : Bean 'sofaTracerIntroductionInterceptor' of type [com.alipay.sofa.tracer.boot.flexible.processor.SofaTracerIntroductionInterceptor] is not eligible for getting processed by all BeanPostProcessors (for example: not eligible for auto-proxying)
2019-10-11 19:30:22.372  INFO 59233 --- [main] trationDelegate$BeanPostProcessorChecker : Bean 'com.alipay.sofa.tracer.boot.resttemplate.SofaTracerRestTemplateConfiguration' of type [com.alipay.sofa.tracer.boot.resttemplate.SofaTracerRestTemplateConfiguration$$EnhancerBySpringCGLIB$$43f29bcb] is not eligible for getting processed by all BeanPostProcessors (for example: not eligible for auto-proxying)
2019-10-11 19:30:22.379  INFO 59233 --- [main] trationDelegate$BeanPostProcessorChecker : Bean 'sofaTracerRestTemplateEnhance' of type [com.alipay.sofa.tracer.boot.resttemplate.SofaTracerRestTemplateEnhance] is not eligible for getting processed by all BeanPostProcessors (for example: not eligible for auto-proxying)
2019-10-11 19:30:22.615  INFO 59233 --- [main] o.s.b.w.embedded.tomcat.TomcatWebServer  : Tomcat initialized with port(s): 8080 (http)
2019-10-11 19:30:22.632  INFO 59233 --- [main] o.apache.catalina.core.StandardService   : Starting service [Tomcat]
2019-10-11 19:30:22.632  INFO 59233 --- [main] org.apache.catalina.core.StandardEngine  : Starting Servlet Engine: Apache Tomcat/9.0.12
2019-10-11 19:30:22.638  INFO 59233 --- [main] o.a.catalina.core.AprLifecycleListener   : The APR based Apache Tomcat Native library which allows optimal performance in production environments was not found on the java.library.path: [/Users/guolei.sgl/Library/Java/Extensions:/Library/Java/Extensions:/Network/Library/Java/Extensions:/System/Library/Java/Extensions:/usr/lib/java:.]
2019-10-11 19:30:22.721  INFO 59233 --- [main] o.a.c.c.C.[Tomcat].[localhost].[/]       : Initializing Spring embedded WebApplicationContext
2019-10-11 19:30:22.722  INFO 59233 --- [main] o.s.web.context.ContextLoader            : Root WebApplicationContext: initialization completed in 1175 ms
2019-10-11 19:30:22.757  INFO 59233 --- [main] o.s.b.w.servlet.FilterRegistrationBean   : Mapping filter: 'characterEncodingFilter' to: [/*]
2019-10-11 19:30:22.757  INFO 59233 --- [main] o.s.b.w.servlet.FilterRegistrationBean   : Mapping filter: 'SpringMvcSofaTracerFilter' to urls: [/*]
2019-10-11 19:30:22.757  INFO 59233 --- [main] o.s.b.w.servlet.FilterRegistrationBean   : Mapping filter: 'hiddenHttpMethodFilter' to: [/*]
2019-10-11 19:30:22.757  INFO 59233 --- [main] o.s.b.w.servlet.FilterRegistrationBean   : Mapping filter: 'formContentFilter' to: [/*]
2019-10-11 19:30:22.757  INFO 59233 --- [main] o.s.b.w.servlet.FilterRegistrationBean   : Mapping filter: 'requestContextFilter' to: [/*]
2019-10-11 19:30:22.758  INFO 59233 --- [main] o.s.b.w.servlet.ServletRegistrationBean  : Servlet dispatcherServlet mapped to [/]
2019-10-11 19:30:23.002  INFO 59233 --- [main] o.s.s.concurrent.ThreadPoolTaskExecutor  : Initializing ExecutorService 'applicationTaskExecutor'
2019-10-11 19:30:23.199  INFO 59233 --- [main] o.s.b.w.embedded.tomcat.TomcatWebServer  : Tomcat started on port(s): 8080 (http) with context path ''
2019-10-11 19:30:23.204  INFO 59233 --- [main] c.g.bridge.boot.TracerTestApplication    : Started TracerTestApplication in 2.387 seconds (JVM running for 3.243)
